<?xml version="1.0" encoding="UTF-8"?>
<testsuite xmlns:xsi="http://www.w3.org/2001/XMLSchema-instance" xsi:noNamespaceSchemaLocation="https://maven.apache.org/surefire/maven-surefire-plugin/xsd/surefire-test-report.xsd" version="3.0.2" name="com.example.mastermind.MastermindApplicationTests" time="3.68" tests="3" errors="0" skipped="0" failures="0">
  <properties>
[...]
</properties>
  <testcase name="testMultiplayerGame" classname="com.example.mastermind.MastermindApplicationTests" time="0.021">
    <system-out><![CDATA[14:51:43.699 [main] INFO org.springframework.test.context.support.AnnotationConfigContextLoaderUtils -- Could not detect default configuration classes for test class [com.example.mastermind.MastermindApplicationTests]: MastermindApplicationTests does not declare any static, non-private, non-final, nested classes annotated with @Configuration.
14:51:43.771 [main] INFO org.springframework.boot.test.context.SpringBootTestContextBootstrapper -- Found @SpringBootConfiguration com.example.mastermind.MastermindApplication for test class com.example.mastermind.MastermindApplicationTests

  .   ____          _            __ _ _
 /\\ / ___'_ __ _ _(_)_ __  __ _ \ \ \ \
( ( )\___ | '_ | '_| | '_ \/ _` | \ \ \ \
 \\/  ___)| |_)| | | | | || (_| |  ) ) ) )
  '  |____| .__|_| |_|_| |_\__, | / / / /
 =========|_|==============|___/=/_/_/_/

 :: Spring Boot ::                (v3.5.5)

2025-09-03T14:51:44.007-07:00  INFO 28869 --- [mastermind] [           main] c.e.m.MastermindApplicationTests         : Starting MastermindApplicationTests using Java 24.0.2 with PID 28869 (started by nolimit in /Users/nolimit/mastermind-linkedin)
2025-09-03T14:51:44.008-07:00  INFO 28869 --- [mastermind] [           main] c.e.m.MastermindApplicationTests         : No active profile set, falling back to 1 default profile: "default"
2025-09-03T14:51:44.021-07:00 DEBUG 28869 --- [mastermind] [           main] o.s.w.c.s.GenericWebApplicationContext   : Refreshing org.springframework.web.context.support.GenericWebApplicationContext@7cf7aee
2025-09-03T14:51:44.524-07:00  INFO 28869 --- [mastermind] [           main] .s.d.r.c.RepositoryConfigurationDelegate : Bootstrapping Spring Data JPA repositories in DEFAULT mode.
2025-09-03T14:51:44.601-07:00  INFO 28869 --- [mastermind] [           main] .s.d.r.c.RepositoryConfigurationDelegate : Finished Spring Data repository scanning in 72 ms. Found 3 JPA repository interfaces.
2025-09-03T14:51:45.406-07:00  INFO 28869 --- [mastermind] [           main] o.hibernate.jpa.internal.util.LogHelper  : HHH000204: Processing PersistenceUnitInfo [name: default]
2025-09-03T14:51:45.444-07:00  INFO 28869 --- [mastermind] [           main] org.hibernate.Version                    : HHH000412: Hibernate ORM core version 6.6.26.Final
2025-09-03T14:51:45.462-07:00  INFO 28869 --- [mastermind] [           main] o.h.c.internal.RegionFactoryInitiator    : HHH000026: Second-level cache disabled
2025-09-03T14:51:45.532-07:00  INFO 28869 --- [mastermind] [           main] o.s.o.j.p.SpringPersistenceUnitInfo      : No LoadTimeWeaver setup: ignoring JPA class transformer
2025-09-03T14:51:45.548-07:00  INFO 28869 --- [mastermind] [           main] com.zaxxer.hikari.HikariDataSource       : HikariPool-1 - Starting...
2025-09-03T14:51:45.639-07:00  INFO 28869 --- [mastermind] [           main] com.zaxxer.hikari.pool.HikariPool        : HikariPool-1 - Added connection org.postgresql.jdbc.PgConnection@497fd334
2025-09-03T14:51:45.640-07:00  INFO 28869 --- [mastermind] [           main] com.zaxxer.hikari.HikariDataSource       : HikariPool-1 - Start completed.
2025-09-03T14:51:45.657-07:00  WARN 28869 --- [mastermind] [           main] org.hibernate.orm.deprecation            : HHH90000025: PostgreSQLDialect does not need to be specified explicitly using 'hibernate.dialect' (remove the property setting and it will be selected by default)
2025-09-03T14:51:45.666-07:00  INFO 28869 --- [mastermind] [           main] org.hibernate.orm.connections.pooling    : HHH10001005: Database info:
	Database JDBC URL [Connecting through datasource 'HikariDataSource (HikariPool-1)']
	Database driver: undefined/unknown
	Database version: 17.6
	Autocommit mode: undefined/unknown
	Isolation level: undefined/unknown
	Minimum pool size: undefined/unknown
	Maximum pool size: undefined/unknown
2025-09-03T14:51:46.078-07:00  INFO 28869 --- [mastermind] [           main] o.h.e.t.j.p.i.JtaPlatformInitiator       : HHH000489: No JTA platform available (set 'hibernate.transaction.jta.platform' to enable JTA platform integration)
2025-09-03T14:51:46.264-07:00  INFO 28869 --- [mastermind] [           main] j.LocalContainerEntityManagerFactoryBean : Initialized JPA EntityManagerFactory for persistence unit 'default'
2025-09-03T14:51:46.535-07:00  WARN 28869 --- [mastermind] [           main] JpaBaseConfiguration$JpaWebConfiguration : spring.jpa.open-in-view is enabled by default. Therefore, database queries may be performed during view rendering. Explicitly configure spring.jpa.open-in-view to disable this warning
2025-09-03T14:51:46.619-07:00 DEBUG 28869 --- [mastermind] [           main] o.s.w.s.s.s.WebSocketHandlerMapping      : Patterns [/ws, /ws/**] in 'stompWebSocketHandlerMapping'
2025-09-03T14:51:46.656-07:00 DEBUG 28869 --- [mastermind] [           main] s.w.s.m.m.a.RequestMappingHandlerMapping : 12 mappings in 'requestMappingHandlerMapping'
2025-09-03T14:51:46.700-07:00 DEBUG 28869 --- [mastermind] [           main] o.s.w.s.handler.SimpleUrlHandlerMapping  : Patterns [/webjars/**, /**] in 'resourceHandlerMapping'
2025-09-03T14:51:46.773-07:00  INFO 28869 --- [mastermind] [           main] o.s.b.a.e.web.EndpointLinksResolver      : Exposing 1 endpoint beneath base path '/actuator'
2025-09-03T14:51:46.802-07:00  INFO 28869 --- [mastermind] [           main] r$InitializeUserDetailsManagerConfigurer : Global AuthenticationManager configured with UserDetailsService bean with name myUserDetailsService
2025-09-03T14:51:46.919-07:00 DEBUG 28869 --- [mastermind] [           main] .WebSocketAnnotationMethodMessageHandler : 
	c.e.m.c.AuthController:
	
2025-09-03T14:51:46.920-07:00 DEBUG 28869 --- [mastermind] [           main] .WebSocketAnnotationMethodMessageHandler : 
	c.e.m.c.MultiplayerGameController:
	
2025-09-03T14:51:46.921-07:00 DEBUG 28869 --- [mastermind] [           main] .WebSocketAnnotationMethodMessageHandler : 
	c.e.m.c.MultiplayerWebsocketController:
	{[MESSAGE],[/multiplayer/{gameId}/guess]}: submitGuess(String,Map,Authentication)
2025-09-03T14:51:46.921-07:00 DEBUG 28869 --- [mastermind] [           main] .WebSocketAnnotationMethodMessageHandler : 
	c.e.m.c.PlayerController:
	
2025-09-03T14:51:46.921-07:00 DEBUG 28869 --- [mastermind] [           main] .WebSocketAnnotationMethodMessageHandler : 
	c.e.m.c.SinglePlayerGameController:
	
2025-09-03T14:51:46.922-07:00 DEBUG 28869 --- [mastermind] [           main] .WebSocketAnnotationMethodMessageHandler : 
	o.s.b.a.w.s.e.BasicErrorController:
	
2025-09-03T14:51:46.999-07:00 DEBUG 28869 --- [mastermind] [           main] s.w.s.m.m.a.RequestMappingHandlerAdapter : ControllerAdvice beans: 0 @ModelAttribute, 0 @InitBinder, 1 RequestBodyAdvice, 1 ResponseBodyAdvice
2025-09-03T14:51:47.025-07:00 DEBUG 28869 --- [mastermind] [           main] .m.m.a.ExceptionHandlerExceptionResolver : ControllerAdvice beans: 1 @ExceptionHandler, 1 ResponseBodyAdvice
2025-09-03T14:51:47.161-07:00 DEBUG 28869 --- [mastermind] [           main] org.springframework.web.SimpLogging      : clientOutboundChannel added SubProtocolWebSocketHandler[StompSubProtocolHandler[v10.stomp, v11.stomp, v12.stomp]]
2025-09-03T14:51:47.161-07:00 DEBUG 28869 --- [mastermind] [           main] org.springframework.web.SimpLogging      : clientInboundChannel added WebSocketAnnotationMethodMessageHandler[prefixes=[/app/]]
2025-09-03T14:51:47.161-07:00  INFO 28869 --- [mastermind] [           main] o.s.m.s.b.SimpleBrokerMessageHandler     : Starting...
2025-09-03T14:51:47.161-07:00 DEBUG 28869 --- [mastermind] [           main] org.springframework.web.SimpLogging      : clientInboundChannel added SimpleBrokerMessageHandler [org.springframework.messaging.simp.broker.DefaultSubscriptionRegistry@72d4d9ac]
2025-09-03T14:51:47.161-07:00 DEBUG 28869 --- [mastermind] [           main] org.springframework.web.SimpLogging      : brokerChannel added SimpleBrokerMessageHandler [org.springframework.messaging.simp.broker.DefaultSubscriptionRegistry@72d4d9ac]
2025-09-03T14:51:47.161-07:00  INFO 28869 --- [mastermind] [           main] o.s.m.s.b.SimpleBrokerMessageHandler     : BrokerAvailabilityEvent[available=true, SimpleBrokerMessageHandler [org.springframework.messaging.simp.broker.DefaultSubscriptionRegistry@72d4d9ac]]
2025-09-03T14:51:47.162-07:00  INFO 28869 --- [mastermind] [           main] o.s.m.s.b.SimpleBrokerMessageHandler     : Started.
2025-09-03T14:51:47.162-07:00 DEBUG 28869 --- [mastermind] [           main] org.springframework.web.SimpLogging      : clientInboundChannel added UserDestinationMessageHandler[DefaultUserDestinationResolver[prefix=/user/]]
2025-09-03T14:51:47.162-07:00 DEBUG 28869 --- [mastermind] [           main] org.springframework.web.SimpLogging      : brokerChannel added UserDestinationMessageHandler[DefaultUserDestinationResolver[prefix=/user/]]
2025-09-03T14:51:47.200-07:00  INFO 28869 --- [mastermind] [           main] c.e.m.MastermindApplicationTests         : Started MastermindApplicationTests in 3.347 seconds (process running for 3.935)
3456
jim has 2  numbers correct, in 0 locations. 9 guesses remaining.
[MultiplayerGuess{player=jim, guess='3456'}]
]]></system-out>
    <system-err><![CDATA[Mockito is currently self-attaching to enable the inline-mock-maker. This will no longer work in future releases of the JDK. Please add Mockito as an agent to your build as described in Mockito's documentation: https://javadoc.io/doc/org.mockito/mockito-core/latest/org.mockito/org/mockito/Mockito.html#0.3
WARNING: A Java agent has been loaded dynamically (/Users/nolimit/.m2/repository/net/bytebuddy/byte-buddy-agent/1.17.7/byte-buddy-agent-1.17.7.jar)
WARNING: If a serviceability tool is in use, please run with -XX:+EnableDynamicAgentLoading to hide this warning
WARNING: If a serviceability tool is not in use, please run with -Djdk.instrument.traceUsage for more information
WARNING: Dynamic loading of agents will be disallowed by default in a future release
]]></system-err>
  </testcase>
  <testcase name="contextLoads" classname="com.example.mastermind.MastermindApplicationTests" time="0.004"/>
  <testcase name="returnListOfGames" classname="com.example.mastermind.MastermindApplicationTests" time="0.011">
    <system-out><![CDATA[class java.util.HashMap
]]></system-out>
  </testcase>
</testsuite>